0 info it worked if it ends with ok
1 verbose cli [ 'node', '/usr/bin/npm', 'install', 'session-mongoose' ]
2 info using npm@2.10.1
3 info using node@v0.10.38
4 verbose node symlink /usr/bin/node
5 verbose install initial load of /home/tak1s/Cloud@Mail.Ru/study/Diplom/chat/package.json
6 verbose installManyTop reading scoped package data from /home/tak1s/Cloud@Mail.Ru/study/Diplom/chat/node_modules/async/package.json
7 verbose installManyTop reading scoped package data from /home/tak1s/Cloud@Mail.Ru/study/Diplom/chat/node_modules/body-parser/package.json
8 verbose installManyTop reading scoped package data from /home/tak1s/Cloud@Mail.Ru/study/Diplom/chat/node_modules/connect/package.json
9 verbose installManyTop reading scoped package data from /home/tak1s/Cloud@Mail.Ru/study/Diplom/chat/node_modules/connect-mongo/package.json
10 verbose installManyTop reading scoped package data from /home/tak1s/Cloud@Mail.Ru/study/Diplom/chat/node_modules/cookie-parser/package.json
11 verbose installManyTop reading scoped package data from /home/tak1s/Cloud@Mail.Ru/study/Diplom/chat/node_modules/debug/package.json
12 verbose installManyTop reading scoped package data from /home/tak1s/Cloud@Mail.Ru/study/Diplom/chat/node_modules/ejs/package.json
13 verbose installManyTop reading scoped package data from /home/tak1s/Cloud@Mail.Ru/study/Diplom/chat/node_modules/ejs-locals/package.json
14 verbose installManyTop reading scoped package data from /home/tak1s/Cloud@Mail.Ru/study/Diplom/chat/node_modules/errorhandler/package.json
15 verbose installManyTop reading scoped package data from /home/tak1s/Cloud@Mail.Ru/study/Diplom/chat/node_modules/express/package.json
16 verbose installManyTop reading scoped package data from /home/tak1s/Cloud@Mail.Ru/study/Diplom/chat/node_modules/express-session/package.json
17 verbose installManyTop reading scoped package data from /home/tak1s/Cloud@Mail.Ru/study/Diplom/chat/node_modules/mongodb/package.json
18 verbose installManyTop reading scoped package data from /home/tak1s/Cloud@Mail.Ru/study/Diplom/chat/node_modules/mongoose/package.json
19 verbose installManyTop reading scoped package data from /home/tak1s/Cloud@Mail.Ru/study/Diplom/chat/node_modules/morgan/package.json
20 verbose installManyTop reading scoped package data from /home/tak1s/Cloud@Mail.Ru/study/Diplom/chat/node_modules/nconf/package.json
21 verbose installManyTop reading scoped package data from /home/tak1s/Cloud@Mail.Ru/study/Diplom/chat/node_modules/serve-favicon/package.json
22 verbose installManyTop reading scoped package data from /home/tak1s/Cloud@Mail.Ru/study/Diplom/chat/node_modules/session-mongoose/package.json
23 verbose installManyTop reading scoped package data from /home/tak1s/Cloud@Mail.Ru/study/Diplom/chat/node_modules/winston/package.json
24 info package.json ejs-locals@1.0.2 No license field.
25 info package.json connect-mongo@0.8.1 No license field.
26 info package.json mongodb@2.0.33 license should be a valid SPDX license expression
27 info package.json session-mongoose@0.5.2 No license field.
28 info package.json winston@1.0.0 No license field.
29 info package.json nconf@0.7.1 No license field.
30 verbose readDependencies loading dependencies from /home/tak1s/Cloud@Mail.Ru/study/Diplom/chat/package.json
31 verbose install session-mongoose is installed as 0.5.2
32 silly cache add args [ 'session-mongoose', null ]
33 verbose cache add spec session-mongoose
34 silly cache add parsed spec { raw: 'session-mongoose',
34 silly cache add   scope: null,
34 silly cache add   name: 'session-mongoose',
34 silly cache add   rawSpec: '',
34 silly cache add   spec: '*',
34 silly cache add   type: 'range' }
35 silly addNamed session-mongoose@*
36 verbose addNamed "*" is a valid semver range for session-mongoose
37 silly addNameRange { name: 'session-mongoose', range: '*', hasData: false }
38 silly mapToRegistry name session-mongoose
39 silly mapToRegistry using default registry
40 silly mapToRegistry registry https://registry.npmjs.org/
41 silly mapToRegistry uri https://registry.npmjs.org/session-mongoose
42 verbose addNameRange registry:https://registry.npmjs.org/session-mongoose not in flight; fetching
43 verbose get https://registry.npmjs.org/session-mongoose not expired, no request
44 silly addNameRange number 2 { name: 'session-mongoose', range: '*', hasData: true }
45 silly addNameRange versions [ 'session-mongoose',
45 silly addNameRange   [ '0.0.1',
45 silly addNameRange     '0.0.2',
45 silly addNameRange     '0.0.3',
45 silly addNameRange     '0.0.7',
45 silly addNameRange     '0.1.0',
45 silly addNameRange     '0.1.2',
45 silly addNameRange     '0.2.0',
45 silly addNameRange     '0.2.2',
45 silly addNameRange     '0.2.3',
45 silly addNameRange     '0.3.1',
45 silly addNameRange     '0.3.2',
45 silly addNameRange     '0.4.0',
45 silly addNameRange     '0.4.1',
45 silly addNameRange     '0.5.0',
45 silly addNameRange     '0.5.1',
45 silly addNameRange     '0.5.2' ] ]
46 silly addNamed session-mongoose@0.5.2
47 verbose addNamed "0.5.2" is a plain semver version for session-mongoose
48 silly cache afterAdd session-mongoose@0.5.2
49 verbose afterAdd /home/tak1s/.npm/session-mongoose/0.5.2/package/package.json not in flight; writing
50 verbose afterAdd /home/tak1s/.npm/session-mongoose/0.5.2/package/package.json written
51 silly install resolved [ { author:
51 silly install resolved      { name: 'Don Park',
51 silly install resolved        email: 'donpark@docuverse.com',
51 silly install resolved        url: 'http://blog.docuverse.com' },
51 silly install resolved     name: 'session-mongoose',
51 silly install resolved     description: 'connect session store implementation using Mongoose',
51 silly install resolved     version: '0.5.2',
51 silly install resolved     main: './index.js',
51 silly install resolved     repository:
51 silly install resolved      { type: 'git',
51 silly install resolved        url: 'git://github.com/donpark/session-mongoose.git' },
51 silly install resolved     engines: { node: '>= v0.8.0' },
51 silly install resolved     scripts: { prepublish: 'coffee -c *.coffee', test: 'mocha' },
51 silly install resolved     dependencies: { mongoose: '>= 3.0' },
51 silly install resolved     peerDependencies: { connect: '^2.0' },
51 silly install resolved     devDependencies:
51 silly install resolved      { mocha: '*',
51 silly install resolved        should: '*',
51 silly install resolved        connect: '^2.0',
51 silly install resolved        express: '^3.0',
51 silly install resolved        supertest: '*' },
51 silly install resolved     gitHead: '8c3985e4ce40948b1b2ba6cd5a44ac4e24a220cd',
51 silly install resolved     bugs: { url: 'https://github.com/donpark/session-mongoose/issues' },
51 silly install resolved     homepage: 'https://github.com/donpark/session-mongoose',
51 silly install resolved     _id: 'session-mongoose@0.5.2',
51 silly install resolved     _shasum: 'fcca94c788fd2ff7dabdd4816616ce92000f0c85',
51 silly install resolved     _from: 'session-mongoose@*',
51 silly install resolved     _npmVersion: '1.4.24',
51 silly install resolved     _npmUser: { name: 'donpark', email: 'donpark@docuverse.com' },
51 silly install resolved     maintainers: [ [Object] ],
51 silly install resolved     dist:
51 silly install resolved      { shasum: 'fcca94c788fd2ff7dabdd4816616ce92000f0c85',
51 silly install resolved        tarball: 'http://registry.npmjs.org/session-mongoose/-/session-mongoose-0.5.2.tgz' },
51 silly install resolved     directories: {},
51 silly install resolved     _resolved: 'https://registry.npmjs.org/session-mongoose/-/session-mongoose-0.5.2.tgz',
51 silly install resolved     readme: 'ERROR: No README data found!' } ]
52 info install session-mongoose@0.5.2 into /home/tak1s/Cloud@Mail.Ru/study/Diplom/chat
53 info installOne session-mongoose@0.5.2
54 verbose installOne of session-mongoose to /home/tak1s/Cloud@Mail.Ru/study/Diplom/chat not in flight; installing
55 verbose lock using /home/tak1s/.npm/_locks/session-mongoose-7145cf30babb7ce0.lock for /home/tak1s/Cloud@Mail.Ru/study/Diplom/chat/node_modules/session-mongoose
56 silly install write writing session-mongoose 0.5.2 to /home/tak1s/Cloud@Mail.Ru/study/Diplom/chat/node_modules/session-mongoose
57 verbose unbuild node_modules/session-mongoose
58 info preuninstall session-mongoose@0.5.2
59 info uninstall session-mongoose@0.5.2
60 verbose unbuild rmStuff session-mongoose@0.5.2 from /home/tak1s/Cloud@Mail.Ru/study/Diplom/chat/node_modules
61 info postuninstall session-mongoose@0.5.2
62 silly gentlyRm /home/tak1s/Cloud@Mail.Ru/study/Diplom/chat/node_modules/session-mongoose is being purged from base /home/tak1s/Cloud@Mail.Ru/study/Diplom/chat
63 verbose gentlyRm don't care about contents; nuking /home/tak1s/Cloud@Mail.Ru/study/Diplom/chat/node_modules/session-mongoose
64 silly vacuum-fs purging /home/tak1s/Cloud@Mail.Ru/study/Diplom/chat/node_modules/session-mongoose
65 silly vacuum-fs quitting because other entries in /home/tak1s/Cloud@Mail.Ru/study/Diplom/chat/node_modules
66 verbose tar unpack /home/tak1s/.npm/session-mongoose/0.5.2/package.tgz
67 verbose tar unpacking to /home/tak1s/Cloud@Mail.Ru/study/Diplom/chat/node_modules/session-mongoose
68 silly gentlyRm /home/tak1s/Cloud@Mail.Ru/study/Diplom/chat/node_modules/session-mongoose is being purged
69 verbose gentlyRm don't care about contents; nuking /home/tak1s/Cloud@Mail.Ru/study/Diplom/chat/node_modules/session-mongoose
70 silly gunzTarPerm modes [ '755', '644' ]
71 silly gunzTarPerm extractEntry package.json
72 silly gunzTarPerm extractEntry .npmignore
73 silly gunzTarPerm extractEntry README.md
74 silly gunzTarPerm extractEntry index.js
75 silly gunzTarPerm extractEntry index.coffee
76 silly gunzTarPerm extractEntry test/direct.coffee
77 silly gunzTarPerm extractEntry test/express.coffee
78 silly gunzTarPerm extractEntry test/mocha.opts
79 silly gunzTarPerm extractEntry test/no-sweeper.coffee
80 verbose write writing to /home/tak1s/Cloud@Mail.Ru/study/Diplom/chat/node_modules/session-mongoose/package.json
81 info preinstall session-mongoose@0.5.2
82 verbose readDependencies loading dependencies from /home/tak1s/Cloud@Mail.Ru/study/Diplom/chat/node_modules/session-mongoose/package.json
83 silly prepareForInstallMany adding connect@^2.0 from session-mongoose peerDependencies
84 warn peerDependencies The peer dependency connect@^2.0 included from session-mongoose will no
85 warn peerDependencies longer be automatically installed to fulfill the peerDependency
86 warn peerDependencies in npm 3+. Your application will need to depend on it explicitly.
87 verbose readDependencies loading dependencies from /home/tak1s/Cloud@Mail.Ru/study/Diplom/chat/node_modules/session-mongoose/package.json
88 silly install resolved []
89 verbose about to build /home/tak1s/Cloud@Mail.Ru/study/Diplom/chat/node_modules/session-mongoose
90 info build /home/tak1s/Cloud@Mail.Ru/study/Diplom/chat/node_modules/session-mongoose
91 info linkStuff session-mongoose@0.5.2
92 silly linkStuff session-mongoose@0.5.2 has /home/tak1s/Cloud@Mail.Ru/study/Diplom/chat/node_modules as its parent node_modules
93 verbose linkBins session-mongoose@0.5.2
94 verbose linkMans session-mongoose@0.5.2
95 verbose rebuildBundles session-mongoose@0.5.2
96 info install session-mongoose@0.5.2
97 info postinstall session-mongoose@0.5.2
98 verbose readDependencies loading dependencies from /home/tak1s/Cloud@Mail.Ru/study/Diplom/chat/package.json
99 verbose targetResolver reading package data from /home/tak1s/Cloud@Mail.Ru/study/Diplom/chat/node_modules/async/package.json
100 verbose targetResolver reading package data from /home/tak1s/Cloud@Mail.Ru/study/Diplom/chat/node_modules/body-parser/package.json
101 verbose targetResolver reading package data from /home/tak1s/Cloud@Mail.Ru/study/Diplom/chat/node_modules/connect/package.json
102 verbose targetResolver reading package data from /home/tak1s/Cloud@Mail.Ru/study/Diplom/chat/node_modules/connect-mongo/package.json
103 verbose targetResolver reading package data from /home/tak1s/Cloud@Mail.Ru/study/Diplom/chat/node_modules/cookie-parser/package.json
104 verbose targetResolver reading package data from /home/tak1s/Cloud@Mail.Ru/study/Diplom/chat/node_modules/debug/package.json
105 verbose targetResolver reading package data from /home/tak1s/Cloud@Mail.Ru/study/Diplom/chat/node_modules/ejs/package.json
106 verbose targetResolver reading package data from /home/tak1s/Cloud@Mail.Ru/study/Diplom/chat/node_modules/ejs-locals/package.json
107 verbose targetResolver reading package data from /home/tak1s/Cloud@Mail.Ru/study/Diplom/chat/node_modules/errorhandler/package.json
108 verbose targetResolver reading package data from /home/tak1s/Cloud@Mail.Ru/study/Diplom/chat/node_modules/express/package.json
109 verbose targetResolver reading package data from /home/tak1s/Cloud@Mail.Ru/study/Diplom/chat/node_modules/express-session/package.json
110 verbose targetResolver reading package data from /home/tak1s/Cloud@Mail.Ru/study/Diplom/chat/node_modules/mongodb/package.json
111 verbose targetResolver reading package data from /home/tak1s/Cloud@Mail.Ru/study/Diplom/chat/node_modules/mongoose/package.json
112 verbose targetResolver reading package data from /home/tak1s/Cloud@Mail.Ru/study/Diplom/chat/node_modules/morgan/package.json
113 verbose targetResolver reading package data from /home/tak1s/Cloud@Mail.Ru/study/Diplom/chat/node_modules/nconf/package.json
114 verbose targetResolver reading package data from /home/tak1s/Cloud@Mail.Ru/study/Diplom/chat/node_modules/serve-favicon/package.json
115 verbose targetResolver reading package data from /home/tak1s/Cloud@Mail.Ru/study/Diplom/chat/node_modules/session-mongoose/package.json
116 verbose targetResolver reading package data from /home/tak1s/Cloud@Mail.Ru/study/Diplom/chat/node_modules/winston/package.json
117 verbose already installed skipping connect@^2.0 /home/tak1s/Cloud@Mail.Ru/study/Diplom/chat
118 silly install resolved []
119 verbose unlock done using /home/tak1s/.npm/_locks/session-mongoose-7145cf30babb7ce0.lock for /home/tak1s/Cloud@Mail.Ru/study/Diplom/chat/node_modules/session-mongoose
120 verbose validateInstall loading /home/tak1s/Cloud@Mail.Ru/study/Diplom/chat/package.json for validation
121 verbose stack Error: The package connect does not satisfy its siblings' peerDependencies requirements!
121 verbose stack     at /usr/lib/node_modules/npm/lib/install.js:125:32
121 verbose stack     at /usr/lib/node_modules/npm/lib/install.js:267:7
121 verbose stack     at /usr/lib/node_modules/npm/node_modules/read-installed/read-installed.js:138:5
121 verbose stack     at /usr/lib/node_modules/npm/node_modules/read-installed/read-installed.js:251:14
121 verbose stack     at cb (/usr/lib/node_modules/npm/node_modules/slide/lib/async-map.js:47:24)
121 verbose stack     at /usr/lib/node_modules/npm/node_modules/read-installed/read-installed.js:251:14
121 verbose stack     at cb (/usr/lib/node_modules/npm/node_modules/slide/lib/async-map.js:47:24)
121 verbose stack     at /usr/lib/node_modules/npm/node_modules/read-installed/read-installed.js:251:14
121 verbose stack     at cb (/usr/lib/node_modules/npm/node_modules/slide/lib/async-map.js:47:24)
121 verbose stack     at /usr/lib/node_modules/npm/node_modules/read-installed/read-installed.js:251:14
122 verbose cwd /home/tak1s/Cloud@Mail.Ru/study/Diplom/chat
123 error Linux 3.13.0-35-generic
124 error argv "node" "/usr/bin/npm" "install" "session-mongoose"
125 error node v0.10.38
126 error npm  v2.10.1
127 error code EPEERINVALID
128 error peerinvalid The package connect does not satisfy its siblings' peerDependencies requirements!
128 error peerinvalid Peer session-mongoose@0.5.2 wants connect@^2.0
129 verbose exit [ 1, true ]
